<?xml version="1.0" encoding="UTF-8"?>
<testsuites name="demo" tests="3" failures="0" errors="0" time="0.012">
  <testsuite name="demo.unit" tests="3" failures="0" errors="0" skipped="0" time="0.012">
    <testcase classname="demo.unit.SanityTest" name="it_adds_two_numbers" time="0.003"/>
    <testcase classname="demo.unit.SanityTest" name="it_handles_empty_string" time="0.004"/>
    <testcase classname="demo.unit.SanityTest" name="it_rejects_null_input" time="0.005"/>
  </testsuite>
</testsuites>
